<?xml version="1.0" encoding="UTF-8"?>
<testsuite name="com.pacifique.security.review.controller.HomeControllerTest" tests="1" skipped="0" failures="0" errors="0" timestamp="2025-12-13T04:17:05.475Z" hostname="Pacifiques-MacBook-Air.local" time="0.832">
  <properties/>
  <testcase name="Testing Home Page" classname="com.pacifique.security.review.controller.HomeControllerTest" time="0.832"/>
  <system-out><![CDATA[2025-12-13T12:17:04.687+08:00  INFO 23847 --- [backend security] [    Test worker] t.c.s.AnnotationConfigContextLoaderUtils : Could not detect default configuration classes for test class [com.pacifique.security.review.controller.HomeControllerTest]: HomeControllerTest does not declare any static, non-private, non-final, nested classes annotated with @Configuration.
2025-12-13T12:17:04.711+08:00  INFO 23847 --- [backend security] [    Test worker] .b.t.c.SpringBootTestContextBootstrapper : Found @SpringBootConfiguration com.pacifique.security.review.SpringSecurityReviewApplication for test class com.pacifique.security.review.controller.HomeControllerTest

  .   ____          _            __ _ _
 /\\ / ___'_ __ _ _(_)_ __  __ _ \ \ \ \
( ( )\___ | '_ | '_| | '_ \/ _` | \ \ \ \
 \\/  ___)| |_)| | | | | || (_| |  ) ) ) )
  '  |____| .__|_| |_|_| |_\__, | / / / /
 =========|_|==============|___/=/_/_/_/

 :: Spring Boot ::                (v3.5.7)

2025-12-13T12:17:04.762+08:00  INFO 23847 --- [backend security] [    Test worker] c.p.s.r.controller.HomeControllerTest    : Starting HomeControllerTest using Java 17.0.15 with PID 23847 (started by paccy in /Users/paccy/code/java-projects/spring-security-review-one)
2025-12-13T12:17:04.763+08:00 DEBUG 23847 --- [backend security] [    Test worker] c.p.s.r.controller.HomeControllerTest    : Running with Spring Boot v3.5.7, Spring v6.2.12
2025-12-13T12:17:04.763+08:00  INFO 23847 --- [backend security] [    Test worker] c.p.s.r.controller.HomeControllerTest    : No active profile set, falling back to 1 default profile: "default"
2025-12-13T12:17:05.419+08:00  WARN 23847 --- [backend security] [    Test worker] .s.s.UserDetailsServiceAutoConfiguration : 

Using generated security password: d88c32bb-564c-4c42-8fa3-3e4ad6ff0617

This generated password is for development use only. Your security configuration must be updated before running your application in production.

2025-12-13T12:17:05.421+08:00  INFO 23847 --- [backend security] [    Test worker] r$InitializeUserDetailsManagerConfigurer : Global AuthenticationManager configured with UserDetailsService bean with name inMemoryUserDetailsManager
2025-12-13T12:17:05.446+08:00  INFO 23847 --- [backend security] [    Test worker] o.s.b.t.m.w.SpringBootMockServletContext : Initializing Spring TestDispatcherServlet ''
2025-12-13T12:17:05.446+08:00  INFO 23847 --- [backend security] [    Test worker] o.s.t.web.servlet.TestDispatcherServlet  : Initializing Servlet ''
2025-12-13T12:17:05.447+08:00  INFO 23847 --- [backend security] [    Test worker] o.s.t.web.servlet.TestDispatcherServlet  : Completed initialization in 1 ms
2025-12-13T12:17:05.467+08:00  INFO 23847 --- [backend security] [    Test worker] c.p.s.r.controller.HomeControllerTest    : Started HomeControllerTest in 0.752 seconds (process running for 16.753)
]]></system-out>
  <system-err><![CDATA[]]></system-err>
</testsuite>
