<?xml version="1.0" encoding="UTF-8"?>
<testsuite name="com.pacifique.security.review.integration.AuthIntegrationTest" tests="3" skipped="0" failures="0" errors="0" timestamp="2025-12-13T04:17:12.366Z" hostname="Pacifiques-MacBook-Air.local" time="1.536">
  <properties/>
  <testcase name="Integration Test for User Login" classname="com.pacifique.security.review.integration.AuthIntegrationTest" time="0.888"/>
  <testcase name="Integration Test Logout a user" classname="com.pacifique.security.review.integration.AuthIntegrationTest" time="0.195"/>
  <testcase name="Integration Test Get User login info" classname="com.pacifique.security.review.integration.AuthIntegrationTest" time="0.45"/>
  <system-out><![CDATA[2025-12-13T12:17:12.355+08:00  INFO 23847 --- [backend security] [    Test worker] t.c.s.AnnotationConfigContextLoaderUtils : Could not detect default configuration classes for test class [com.pacifique.security.review.integration.AuthIntegrationTest]: AuthIntegrationTest does not declare any static, non-private, non-final, nested classes annotated with @Configuration.
2025-12-13T12:17:12.362+08:00  INFO 23847 --- [backend security] [    Test worker] .b.t.c.SpringBootTestContextBootstrapper : Found @SpringBootConfiguration com.pacifique.security.review.SpringSecurityReviewApplication for test class com.pacifique.security.review.integration.AuthIntegrationTest
Hibernate: select u1_0.id,u1_0.created_at,u1_0.email,u1_0.first_name,u1_0.last_name,u1_0.password,u1_0.permissions,u1_0.role,u1_0.updated_at from users u1_0
Hibernate: insert into users (created_at,email,first_name,last_name,password,permissions,role,updated_at) values (?,?,?,?,?,?,?,?)
Hibernate: select u1_0.id,u1_0.created_at,u1_0.email,u1_0.first_name,u1_0.last_name,u1_0.password,u1_0.permissions,u1_0.role,u1_0.updated_at from users u1_0 where u1_0.email=?
Hibernate: select t1_0.id,t1_0.refresh_token,t1_0.token,t1_0.user_id from token t1_0 where t1_0.user_id=?
Hibernate: insert into token (refresh_token,token,user_id) values (?,?,?)
2025-12-13T12:17:13.236+08:00  INFO 23847 --- [backend security] [o-auto-1-exec-2] c.p.s.review.services.AuthUserService    : loading a new token for user 1
2025-12-13T12:17:13.237+08:00  INFO 23847 --- [backend security] [o-auto-1-exec-2] c.p.s.review.services.AuthUserService    : Access Token loaded: eyJhbGciOiJIUzM4NCJ9.eyJyb2xlIjoiUk9MRV9BRE1JTiIsImF1dGhvcml0aWVzIjpbeyJhdXRob3JpdHkiOiJyZWFkIn0seyJhdXRob3JpdHkiOiJkZWxldGUifSx7ImF1dGhvcml0eSI6IndyaXRlIn1dLCJzdWIiOiJhZG1pbkBleGFtcGxlLmNvbSIsImlzcyI6ImFkbWluIHVzZXIiLCJpYXQiOjE3NjU1OTk0MzMsImV4cCI6MTc2NTU5OTQ2M30.dUxYY68H1cz1V3ur7HEfoAGjs0iR1v44EjlKEQ7W3a0-wYOVK8mF9GRUYL4fuSNn
Hibernate: select u1_0.id,u1_0.created_at,u1_0.email,u1_0.first_name,u1_0.last_name,u1_0.password,u1_0.permissions,u1_0.role,u1_0.updated_at from users u1_0
Hibernate: delete from users where id=?
Hibernate: insert into users (created_at,email,first_name,last_name,password,permissions,role,updated_at) values (?,?,?,?,?,?,?,?)
response = <200 OK OK,[X-Content-Type-Options:"nosniff", X-XSS-Protection:"0", Cache-Control:"no-cache, no-store, max-age=0, must-revalidate", Pragma:"no-cache", Expires:"0", X-Frame-Options:"DENY", Content-Length:"0", Date:"Sat, 13 Dec 2025 04:17:13 GMT", Keep-Alive:"timeout=60", Connection:"keep-alive"]>
Hibernate: select u1_0.id,u1_0.created_at,u1_0.email,u1_0.first_name,u1_0.last_name,u1_0.password,u1_0.permissions,u1_0.role,u1_0.updated_at from users u1_0
Hibernate: delete from users where id=?
Hibernate: insert into users (created_at,email,first_name,last_name,password,permissions,role,updated_at) values (?,?,?,?,?,?,?,?)
Hibernate: select u1_0.id,u1_0.created_at,u1_0.email,u1_0.first_name,u1_0.last_name,u1_0.password,u1_0.permissions,u1_0.role,u1_0.updated_at from users u1_0 where u1_0.email=?
Hibernate: select t1_0.id,t1_0.refresh_token,t1_0.token,t1_0.user_id from token t1_0 where t1_0.user_id=?
Hibernate: insert into token (refresh_token,token,user_id) values (?,?,?)
2025-12-13T12:17:13.779+08:00  INFO 23847 --- [backend security] [o-auto-1-exec-4] c.p.s.review.services.AuthUserService    : loading a new token for user 3
2025-12-13T12:17:13.779+08:00  INFO 23847 --- [backend security] [o-auto-1-exec-4] c.p.s.review.services.AuthUserService    : Access Token loaded: eyJhbGciOiJIUzM4NCJ9.eyJyb2xlIjoiUk9MRV9BRE1JTiIsImF1dGhvcml0aWVzIjpbeyJhdXRob3JpdHkiOiJyZWFkIn0seyJhdXRob3JpdHkiOiJkZWxldGUifSx7ImF1dGhvcml0eSI6IndyaXRlIn1dLCJzdWIiOiJhZG1pbkBleGFtcGxlLmNvbSIsImlzcyI6ImFkbWluIHVzZXIiLCJpYXQiOjE3NjU1OTk0MzMsImV4cCI6MTc2NTU5OTQ2M30.dUxYY68H1cz1V3ur7HEfoAGjs0iR1v44EjlKEQ7W3a0-wYOVK8mF9GRUYL4fuSNn
Hibernate: select u1_0.id,u1_0.created_at,u1_0.email,u1_0.first_name,u1_0.last_name,u1_0.password,u1_0.permissions,u1_0.role,u1_0.updated_at from users u1_0 where u1_0.email=?
2025-12-13T12:17:13.883+08:00  INFO 23847 --- [backend security] [o-auto-1-exec-5] c.p.s.r.s.JwtAuthenticationFilter        : Authenticated : true
Hibernate: select u1_0.id,u1_0.created_at,u1_0.email,u1_0.first_name,u1_0.last_name,u1_0.password,u1_0.permissions,u1_0.role,u1_0.updated_at from users u1_0 where u1_0.email=?
]]></system-out>
  <system-err><![CDATA[]]></system-err>
</testsuite>
