<?xml version="1.0" encoding="UTF-8"?>
<testsuite name="com.pacifique.security.review.integration.ProductIntegrationTest" tests="6" skipped="0" failures="0" errors="0" timestamp="2025-12-13T04:17:13.920Z" hostname="Pacifiques-MacBook-Air.local" time="1.978">
  <properties/>
  <testcase name="Integration delete Product Test" classname="com.pacifique.security.review.integration.ProductIntegrationTest" time="0.431"/>
  <testcase name="Integration add product Test" classname="com.pacifique.security.review.integration.ProductIntegrationTest" time="0.374"/>
  <testcase name="Integration add List product Test" classname="com.pacifique.security.review.integration.ProductIntegrationTest" time="0.371"/>
  <testcase name="Integration Test for Get My Products Endpoint" classname="com.pacifique.security.review.integration.ProductIntegrationTest" time="0.428"/>
  <testcase name="Integration Test For Get All products Endpoint" classname="com.pacifique.security.review.integration.ProductIntegrationTest" time="0.187"/>
  <testcase name="Integration Test Get Product by ID" classname="com.pacifique.security.review.integration.ProductIntegrationTest" time="0.184"/>
  <system-out><![CDATA[2025-12-13T12:17:13.907+08:00  INFO 23847 --- [backend security] [    Test worker] t.c.s.AnnotationConfigContextLoaderUtils : Could not detect default configuration classes for test class [com.pacifique.security.review.integration.ProductIntegrationTest]: ProductIntegrationTest does not declare any static, non-private, non-final, nested classes annotated with @Configuration.
2025-12-13T12:17:13.915+08:00  INFO 23847 --- [backend security] [    Test worker] .b.t.c.SpringBootTestContextBootstrapper : Found @SpringBootConfiguration com.pacifique.security.review.SpringSecurityReviewApplication for test class com.pacifique.security.review.integration.ProductIntegrationTest
Hibernate: select p1_0.id,p1_0.created_at,p1_0.description,p1_0.name,p1_0.owner_id,p1_0.updated_at from product p1_0
Hibernate: select u1_0.id,u1_0.created_at,u1_0.email,u1_0.first_name,u1_0.last_name,u1_0.password,u1_0.permissions,u1_0.role,u1_0.updated_at from users u1_0
Hibernate: delete from users where id=?
Hibernate: insert into users (created_at,email,first_name,last_name,password,permissions,role,updated_at) values (?,?,?,?,?,?,?,?)
Hibernate: insert into product (created_at,description,name,owner_id,updated_at) values (?,?,?,?,?)
Hibernate: insert into product (created_at,description,name,owner_id,updated_at) values (?,?,?,?,?)
Hibernate: select u1_0.id,u1_0.created_at,u1_0.email,u1_0.first_name,u1_0.last_name,u1_0.password,u1_0.permissions,u1_0.role,u1_0.updated_at from users u1_0 where u1_0.email=?
Hibernate: select t1_0.id,t1_0.refresh_token,t1_0.token,t1_0.user_id from token t1_0 where t1_0.user_id=?
Hibernate: insert into token (refresh_token,token,user_id) values (?,?,?)
2025-12-13T12:17:14.293+08:00  INFO 23847 --- [backend security] [o-auto-1-exec-6] c.p.s.review.services.AuthUserService    : loading a new token for user 4
2025-12-13T12:17:14.293+08:00  INFO 23847 --- [backend security] [o-auto-1-exec-6] c.p.s.review.services.AuthUserService    : Access Token loaded: eyJhbGciOiJIUzM4NCJ9.eyJyb2xlIjoiUk9MRV9VU0VSIiwiYXV0aG9yaXRpZXMiOlt7ImF1dGhvcml0eSI6InJlYWQifV0sInN1YiI6InVzZXJAZ21haWwuY29tIiwiaXNzIjoiZiBsIiwiaWF0IjoxNzY1NTk5NDM0LCJleHAiOjE3NjU1OTk0NjR9.Rn7xtlg93MWe9AmNGQsAnojkE5huIp3qC76a-Zz5p0ra_Klf-NYVRbMWFszh90gH
Hibernate: select u1_0.id,u1_0.created_at,u1_0.email,u1_0.first_name,u1_0.last_name,u1_0.password,u1_0.permissions,u1_0.role,u1_0.updated_at from users u1_0 where u1_0.email=?
2025-12-13T12:17:14.309+08:00  INFO 23847 --- [backend security] [o-auto-1-exec-7] c.p.s.r.s.JwtAuthenticationFilter        : Authenticated : true
Hibernate: select p1_0.id,p1_0.created_at,p1_0.description,p1_0.name,p1_0.owner_id,p1_0.updated_at from product p1_0 where p1_0.id=?
Hibernate: select u1_0.id,u1_0.created_at,u1_0.email,u1_0.first_name,u1_0.last_name,u1_0.password,u1_0.permissions,u1_0.role,u1_0.updated_at from users u1_0 where u1_0.id=?
Hibernate: delete from product where id=?
Hibernate: select p1_0.id,p1_0.created_at,p1_0.description,p1_0.name,p1_0.owner_id,p1_0.updated_at from product p1_0
Hibernate: delete from product where id=?
Hibernate: select u1_0.id,u1_0.created_at,u1_0.email,u1_0.first_name,u1_0.last_name,u1_0.password,u1_0.permissions,u1_0.role,u1_0.updated_at from users u1_0
Hibernate: delete from users where id=?
Hibernate: insert into users (created_at,email,first_name,last_name,password,permissions,role,updated_at) values (?,?,?,?,?,?,?,?)
Hibernate: insert into product (created_at,description,name,owner_id,updated_at) values (?,?,?,?,?)
Hibernate: select u1_0.id,u1_0.created_at,u1_0.email,u1_0.first_name,u1_0.last_name,u1_0.password,u1_0.permissions,u1_0.role,u1_0.updated_at from users u1_0 where u1_0.email=?
Hibernate: select t1_0.id,t1_0.refresh_token,t1_0.token,t1_0.user_id from token t1_0 where t1_0.user_id=?
Hibernate: insert into token (refresh_token,token,user_id) values (?,?,?)
2025-12-13T12:17:14.684+08:00  INFO 23847 --- [backend security] [o-auto-1-exec-8] c.p.s.review.services.AuthUserService    : loading a new token for user 5
2025-12-13T12:17:14.684+08:00  INFO 23847 --- [backend security] [o-auto-1-exec-8] c.p.s.review.services.AuthUserService    : Access Token loaded: eyJhbGciOiJIUzM4NCJ9.eyJyb2xlIjoiUk9MRV9VU0VSIiwiYXV0aG9yaXRpZXMiOlt7ImF1dGhvcml0eSI6InJlYWQifV0sInN1YiI6InVzZXJAZ21haWwuY29tIiwiaXNzIjoiZiBsIiwiaWF0IjoxNzY1NTk5NDM0LCJleHAiOjE3NjU1OTk0NjR9.Rn7xtlg93MWe9AmNGQsAnojkE5huIp3qC76a-Zz5p0ra_Klf-NYVRbMWFszh90gH
Hibernate: select u1_0.id,u1_0.created_at,u1_0.email,u1_0.first_name,u1_0.last_name,u1_0.password,u1_0.permissions,u1_0.role,u1_0.updated_at from users u1_0 where u1_0.email=?
2025-12-13T12:17:14.708+08:00  INFO 23847 --- [backend security] [o-auto-1-exec-9] c.p.s.r.s.JwtAuthenticationFilter        : Authenticated : true
Hibernate: select u1_0.id,u1_0.created_at,u1_0.email,u1_0.first_name,u1_0.last_name,u1_0.password,u1_0.permissions,u1_0.role,u1_0.updated_at from users u1_0 where u1_0.email=?
Hibernate: insert into product (created_at,description,name,owner_id,updated_at) values (?,?,?,?,?)
Hibernate: select p1_0.id,p1_0.created_at,p1_0.description,p1_0.name,p1_0.owner_id,p1_0.updated_at from product p1_0
Hibernate: delete from product where id=?
Hibernate: delete from product where id=?
Hibernate: select u1_0.id,u1_0.created_at,u1_0.email,u1_0.first_name,u1_0.last_name,u1_0.password,u1_0.permissions,u1_0.role,u1_0.updated_at from users u1_0
Hibernate: delete from users where id=?
Hibernate: insert into users (created_at,email,first_name,last_name,password,permissions,role,updated_at) values (?,?,?,?,?,?,?,?)
Hibernate: insert into product (created_at,description,name,owner_id,updated_at) values (?,?,?,?,?)
Hibernate: select u1_0.id,u1_0.created_at,u1_0.email,u1_0.first_name,u1_0.last_name,u1_0.password,u1_0.permissions,u1_0.role,u1_0.updated_at from users u1_0 where u1_0.email=?
Hibernate: select t1_0.id,t1_0.refresh_token,t1_0.token,t1_0.user_id from token t1_0 where t1_0.user_id=?
Hibernate: insert into token (refresh_token,token,user_id) values (?,?,?)
2025-12-13T12:17:15.057+08:00  INFO 23847 --- [backend security] [-auto-1-exec-10] c.p.s.review.services.AuthUserService    : loading a new token for user 6
2025-12-13T12:17:15.057+08:00  INFO 23847 --- [backend security] [-auto-1-exec-10] c.p.s.review.services.AuthUserService    : Access Token loaded: eyJhbGciOiJIUzM4NCJ9.eyJyb2xlIjoiUk9MRV9VU0VSIiwiYXV0aG9yaXRpZXMiOlt7ImF1dGhvcml0eSI6InJlYWQifV0sInN1YiI6InVzZXJAZ21haWwuY29tIiwiaXNzIjoiZiBsIiwiaWF0IjoxNzY1NTk5NDM1LCJleHAiOjE3NjU1OTk0NjV9.ggjvPWdFU2i5mYmy4UZpa1J-k21aCYDHRFI1Yeji3jMvkyJfEQkJ8Kw-LY_CSaTX
Hibernate: select u1_0.id,u1_0.created_at,u1_0.email,u1_0.first_name,u1_0.last_name,u1_0.password,u1_0.permissions,u1_0.role,u1_0.updated_at from users u1_0 where u1_0.email=?
2025-12-13T12:17:15.073+08:00  INFO 23847 --- [backend security] [o-auto-1-exec-1] c.p.s.r.s.JwtAuthenticationFilter        : Authenticated : true
Hibernate: select u1_0.id,u1_0.created_at,u1_0.email,u1_0.first_name,u1_0.last_name,u1_0.password,u1_0.permissions,u1_0.role,u1_0.updated_at from users u1_0 where u1_0.email=?
2025-12-13T12:17:15.080+08:00  INFO 23847 --- [backend security] [o-auto-1-exec-1] c.p.s.review.services.ProductService     : Adding products loaded: [Product(id=null, name=name2, description=desc2, owner=User(id=6, firstName=f, lastName=l, email=user@gmail.com, password={bcrypt}$2a$10$wq2XiSUPJaoAUvFyThc3uewRmvoRA1be8wzTVsIm3XL5/LHshLX/q, role=USER, permissions=[read], createdAt=2025-12-13T12:17:14.889599, updatedAt=null), createdAt=null, updatedAt=null), Product(id=null, name=name3, description=desc3, owner=User(id=6, firstName=f, lastName=l, email=user@gmail.com, password={bcrypt}$2a$10$wq2XiSUPJaoAUvFyThc3uewRmvoRA1be8wzTVsIm3XL5/LHshLX/q, role=USER, permissions=[read], createdAt=2025-12-13T12:17:14.889599, updatedAt=null), createdAt=null, updatedAt=null)]
Hibernate: insert into product (created_at,description,name,owner_id,updated_at) values (?,?,?,?,?)
Hibernate: insert into product (created_at,description,name,owner_id,updated_at) values (?,?,?,?,?)
Hibernate: select p1_0.id,p1_0.created_at,p1_0.description,p1_0.name,p1_0.owner_id,p1_0.updated_at from product p1_0
Hibernate: delete from product where id=?
Hibernate: delete from product where id=?
Hibernate: delete from product where id=?
Hibernate: select u1_0.id,u1_0.created_at,u1_0.email,u1_0.first_name,u1_0.last_name,u1_0.password,u1_0.permissions,u1_0.role,u1_0.updated_at from users u1_0
Hibernate: delete from users where id=?
Hibernate: insert into users (created_at,email,first_name,last_name,password,permissions,role,updated_at) values (?,?,?,?,?,?,?,?)
Hibernate: insert into product (created_at,description,name,owner_id,updated_at) values (?,?,?,?,?)
Hibernate: select u1_0.id,u1_0.created_at,u1_0.email,u1_0.first_name,u1_0.last_name,u1_0.password,u1_0.permissions,u1_0.role,u1_0.updated_at from users u1_0 where u1_0.email=?
Hibernate: select t1_0.id,t1_0.refresh_token,t1_0.token,t1_0.user_id from token t1_0 where t1_0.user_id=?
Hibernate: insert into token (refresh_token,token,user_id) values (?,?,?)
2025-12-13T12:17:15.435+08:00  INFO 23847 --- [backend security] [o-auto-1-exec-2] c.p.s.review.services.AuthUserService    : loading a new token for user 7
2025-12-13T12:17:15.435+08:00  INFO 23847 --- [backend security] [o-auto-1-exec-2] c.p.s.review.services.AuthUserService    : Access Token loaded: eyJhbGciOiJIUzM4NCJ9.eyJyb2xlIjoiUk9MRV9VU0VSIiwiYXV0aG9yaXRpZXMiOlt7ImF1dGhvcml0eSI6InJlYWQifV0sInN1YiI6InVzZXJAZ21haWwuY29tIiwiaXNzIjoiZiBsIiwiaWF0IjoxNzY1NTk5NDM1LCJleHAiOjE3NjU1OTk0NjV9.ggjvPWdFU2i5mYmy4UZpa1J-k21aCYDHRFI1Yeji3jMvkyJfEQkJ8Kw-LY_CSaTX
Hibernate: select u1_0.id,u1_0.created_at,u1_0.email,u1_0.first_name,u1_0.last_name,u1_0.password,u1_0.permissions,u1_0.role,u1_0.updated_at from users u1_0 where u1_0.email=?
2025-12-13T12:17:15.448+08:00  INFO 23847 --- [backend security] [o-auto-1-exec-3] c.p.s.r.s.JwtAuthenticationFilter        : Authenticated : true
Hibernate: select p1_0.id,p1_0.created_at,p1_0.description,p1_0.name,p1_0.owner_id,p1_0.updated_at from product p1_0 join users o1_0 on o1_0.id=p1_0.owner_id where o1_0.email=? order by p1_0.name desc fetch first ? rows only
Hibernate: select count(p1_0.id) from product p1_0 join users o1_0 on o1_0.id=p1_0.owner_id where o1_0.email=?
Hibernate: select u1_0.id,u1_0.created_at,u1_0.email,u1_0.first_name,u1_0.last_name,u1_0.password,u1_0.permissions,u1_0.role,u1_0.updated_at from users u1_0 where u1_0.id=?
response = <200 OK OK,ProductPaginationResponse[totalElements=1, totalPage=1, page=1, products=[ProductResponse[id=8, name=name, description=desc, owner=UserResponse[id=7, firstName=f, lastName=l, email=user@gmail.com, password=null, role=USER, permissions=[read], createdAt=2025-12-13T12:17:15.263685, updatedAt=null], createdAt=2025-12-13T12:17:15.267873, updatedAt=null]]],[X-Content-Type-Options:"nosniff", X-XSS-Protection:"0", Cache-Control:"no-cache, no-store, max-age=0, must-revalidate", Pragma:"no-cache", Expires:"0", X-Frame-Options:"DENY", Content-Type:"application/json", Transfer-Encoding:"chunked", Date:"Sat, 13 Dec 2025 04:17:15 GMT", Keep-Alive:"timeout=60", Connection:"keep-alive"]>
Hibernate: select p1_0.id,p1_0.created_at,p1_0.description,p1_0.name,p1_0.owner_id,p1_0.updated_at from product p1_0
Hibernate: delete from product where id=?
Hibernate: select u1_0.id,u1_0.created_at,u1_0.email,u1_0.first_name,u1_0.last_name,u1_0.password,u1_0.permissions,u1_0.role,u1_0.updated_at from users u1_0
Hibernate: delete from users where id=?
Hibernate: insert into users (created_at,email,first_name,last_name,password,permissions,role,updated_at) values (?,?,?,?,?,?,?,?)
Hibernate: insert into product (created_at,description,name,owner_id,updated_at) values (?,?,?,?,?)
Hibernate: select p1_0.id,p1_0.created_at,p1_0.description,p1_0.name,p1_0.owner_id,p1_0.updated_at from product p1_0 order by p1_0.created_at desc offset ? rows fetch first ? rows only
Hibernate: select u1_0.id,u1_0.created_at,u1_0.email,u1_0.first_name,u1_0.last_name,u1_0.password,u1_0.permissions,u1_0.role,u1_0.updated_at from users u1_0 where u1_0.id=?
Hibernate: select p1_0.id,p1_0.created_at,p1_0.description,p1_0.name,p1_0.owner_id,p1_0.updated_at from product p1_0
Hibernate: delete from product where id=?
Hibernate: select u1_0.id,u1_0.created_at,u1_0.email,u1_0.first_name,u1_0.last_name,u1_0.password,u1_0.permissions,u1_0.role,u1_0.updated_at from users u1_0
Hibernate: delete from users where id=?
Hibernate: insert into users (created_at,email,first_name,last_name,password,permissions,role,updated_at) values (?,?,?,?,?,?,?,?)
Hibernate: insert into product (created_at,description,name,owner_id,updated_at) values (?,?,?,?,?)
Hibernate: insert into product (created_at,description,name,owner_id,updated_at) values (?,?,?,?,?)
Hibernate: select p1_0.id,p1_0.created_at,p1_0.description,p1_0.name,p1_0.owner_id,p1_0.updated_at from product p1_0 where p1_0.id=?
Hibernate: select u1_0.id,u1_0.created_at,u1_0.email,u1_0.first_name,u1_0.last_name,u1_0.password,u1_0.permissions,u1_0.role,u1_0.updated_at from users u1_0 where u1_0.id=?
]]></system-out>
  <system-err><![CDATA[]]></system-err>
</testsuite>
