<?xml version="1.0" encoding="UTF-8"?>
<testsuite name="com.pacifique.security.review.services.ProductServiceTest" tests="8" skipped="0" failures="0" errors="0" timestamp="2025-12-13T04:17:17.621Z" hostname="Pacifiques-MacBook-Air.local" time="0.102">
  <properties/>
  <testcase name="getProductTest()" classname="com.pacifique.security.review.services.ProductServiceTest" time="0.085"/>
  <testcase name="addProductToNoUserTest()" classname="com.pacifique.security.review.services.ProductServiceTest" time="0.002"/>
  <testcase name="addProductsListTest()" classname="com.pacifique.security.review.services.ProductServiceTest" time="0.004"/>
  <testcase name="getProductsTest()" classname="com.pacifique.security.review.services.ProductServiceTest" time="0.001"/>
  <testcase name="deleteProductTest()" classname="com.pacifique.security.review.services.ProductServiceTest" time="0.001"/>
  <testcase name="addProductTest()" classname="com.pacifique.security.review.services.ProductServiceTest" time="0.003"/>
  <testcase name="getMyProductsTest()" classname="com.pacifique.security.review.services.ProductServiceTest" time="0.003"/>
  <testcase name="productNotFoundTest()" classname="com.pacifique.security.review.services.ProductServiceTest" time="0.001"/>
  <system-out><![CDATA[2025-12-13T12:17:17.712+08:00  INFO 23847 --- [backend security] [    Test worker] c.p.s.review.services.ProductService     : Adding products loaded: [Product(id=null, name=name, description=desc, owner=User(id=1, firstName=f, lastName=l, email=e, password=p, role=ADMIN, permissions=[read, delete, write], createdAt=null, updatedAt=null), createdAt=null, updatedAt=null)]
]]></system-out>
  <system-err><![CDATA[]]></system-err>
</testsuite>
