<?xml version="1.0" encoding="UTF-8"?>
<testsuite name="com.pacifique.security.review.integration.HomeBrowserTest" tests="1" skipped="1" failures="0" errors="0" timestamp="2025-12-13T04:17:13.905Z" hostname="Pacifiques-MacBook-Air.local" time="0.0">
  <properties/>
  <testcase name="Testing Browser Integration" classname="com.pacifique.security.review.integration.HomeBrowserTest" time="0.0">
    <skipped/>
  </testcase>
  <system-out><![CDATA[]]></system-out>
  <system-err><![CDATA[]]></system-err>
</testsuite>
