<?xml version="1.0" encoding="UTF-8"?>
<testsuite name="com.pacifique.security.review.controller.ProductControllerTest" tests="6" skipped="0" failures="0" errors="0" timestamp="2025-12-13T04:17:06.931Z" hostname="Pacifiques-MacBook-Air.local" time="0.163">
  <properties/>
  <testcase name="Test Get Product By Id Controller Endpoint" classname="com.pacifique.security.review.controller.ProductControllerTest" time="0.048"/>
  <testcase name="Test Getting product List Endpoint" classname="com.pacifique.security.review.controller.ProductControllerTest" time="0.029"/>
  <testcase name="Test Delete Product Endpoint" classname="com.pacifique.security.review.controller.ProductControllerTest" time="0.01"/>
  <testcase name="Test Add Product Endpoint" classname="com.pacifique.security.review.controller.ProductControllerTest" time="0.041"/>
  <testcase name="Test Get My Products Controller Endpoint" classname="com.pacifique.security.review.controller.ProductControllerTest" time="0.013"/>
  <testcase name="Test Add Product Endpoint" classname="com.pacifique.security.review.controller.ProductControllerTest" time="0.013"/>
  <system-out><![CDATA[2025-12-13T12:17:06.315+08:00  INFO 23847 --- [backend security] [    Test worker] t.c.s.AnnotationConfigContextLoaderUtils : Could not detect default configuration classes for test class [com.pacifique.security.review.controller.ProductControllerTest]: ProductControllerTest does not declare any static, non-private, non-final, nested classes annotated with @Configuration.
2025-12-13T12:17:06.348+08:00  INFO 23847 --- [backend security] [    Test worker] .b.t.c.SpringBootTestContextBootstrapper : Found @SpringBootConfiguration com.pacifique.security.review.SpringSecurityReviewApplication for test class com.pacifique.security.review.controller.ProductControllerTest

  .   ____          _            __ _ _
 /\\ / ___'_ __ _ _(_)_ __  __ _ \ \ \ \
( ( )\___ | '_ | '_| | '_ \/ _` | \ \ \ \
 \\/  ___)| |_)| | | | | || (_| |  ) ) ) )
  '  |____| .__|_| |_|_| |_\__, | / / / /
 =========|_|==============|___/=/_/_/_/

 :: Spring Boot ::                (v3.5.7)

2025-12-13T12:17:06.393+08:00  INFO 23847 --- [backend security] [    Test worker] c.p.s.r.c.ProductControllerTest          : Starting ProductControllerTest using Java 17.0.15 with PID 23847 (started by paccy in /Users/paccy/code/java-projects/spring-security-review-one)
2025-12-13T12:17:06.393+08:00 DEBUG 23847 --- [backend security] [    Test worker] c.p.s.r.c.ProductControllerTest          : Running with Spring Boot v3.5.7, Spring v6.2.12
2025-12-13T12:17:06.393+08:00  INFO 23847 --- [backend security] [    Test worker] c.p.s.r.c.ProductControllerTest          : No active profile set, falling back to 1 default profile: "default"
2025-12-13T12:17:06.888+08:00  WARN 23847 --- [backend security] [    Test worker] .s.s.UserDetailsServiceAutoConfiguration : 

Using generated security password: f5c90a3d-bc47-441f-84c5-bd8bda998e46

This generated password is for development use only. Your security configuration must be updated before running your application in production.

2025-12-13T12:17:06.890+08:00  INFO 23847 --- [backend security] [    Test worker] r$InitializeUserDetailsManagerConfigurer : Global AuthenticationManager configured with UserDetailsService bean with name inMemoryUserDetailsManager
2025-12-13T12:17:06.909+08:00  INFO 23847 --- [backend security] [    Test worker] o.s.b.t.m.w.SpringBootMockServletContext : Initializing Spring TestDispatcherServlet ''
2025-12-13T12:17:06.909+08:00  INFO 23847 --- [backend security] [    Test worker] o.s.t.web.servlet.TestDispatcherServlet  : Initializing Servlet ''
2025-12-13T12:17:06.911+08:00  INFO 23847 --- [backend security] [    Test worker] o.s.t.web.servlet.TestDispatcherServlet  : Completed initialization in 2 ms
2025-12-13T12:17:06.927+08:00  INFO 23847 --- [backend security] [    Test worker] c.p.s.r.c.ProductControllerTest          : Started ProductControllerTest in 0.574 seconds (process running for 18.214)
]]></system-out>
  <system-err><![CDATA[]]></system-err>
</testsuite>
