<?xml version="1.0" encoding="UTF-8"?>
<testsuite name="com.pacifique.security.review.controller.UserControllerTest" tests="4" skipped="0" failures="0" errors="0" timestamp="2025-12-13T04:17:07.662Z" hostname="Pacifiques-MacBook-Air.local" time="0.065">
  <properties/>
  <testcase name="Test Getting List User Controller" classname="com.pacifique.security.review.controller.UserControllerTest" time="0.022"/>
  <testcase name="Test Deleting  a User controller" classname="com.pacifique.security.review.controller.UserControllerTest" time="0.009"/>
  <testcase name="Test Creating A User Controller" classname="com.pacifique.security.review.controller.UserControllerTest" time="0.011"/>
  <testcase name="Test Updating A User Role Controller" classname="com.pacifique.security.review.controller.UserControllerTest" time="0.018"/>
  <system-out><![CDATA[2025-12-13T12:17:07.099+08:00  INFO 23847 --- [backend security] [    Test worker] t.c.s.AnnotationConfigContextLoaderUtils : Could not detect default configuration classes for test class [com.pacifique.security.review.controller.UserControllerTest]: UserControllerTest does not declare any static, non-private, non-final, nested classes annotated with @Configuration.
2025-12-13T12:17:07.125+08:00  INFO 23847 --- [backend security] [    Test worker] .b.t.c.SpringBootTestContextBootstrapper : Found @SpringBootConfiguration com.pacifique.security.review.SpringSecurityReviewApplication for test class com.pacifique.security.review.controller.UserControllerTest

  .   ____          _            __ _ _
 /\\ / ___'_ __ _ _(_)_ __  __ _ \ \ \ \
( ( )\___ | '_ | '_| | '_ \/ _` | \ \ \ \
 \\/  ___)| |_)| | | | | || (_| |  ) ) ) )
  '  |____| .__|_| |_|_| |_\__, | / / / /
 =========|_|==============|___/=/_/_/_/

 :: Spring Boot ::                (v3.5.7)

2025-12-13T12:17:07.178+08:00  INFO 23847 --- [backend security] [    Test worker] c.p.s.r.controller.UserControllerTest    : Starting UserControllerTest using Java 17.0.15 with PID 23847 (started by paccy in /Users/paccy/code/java-projects/spring-security-review-one)
2025-12-13T12:17:07.179+08:00 DEBUG 23847 --- [backend security] [    Test worker] c.p.s.r.controller.UserControllerTest    : Running with Spring Boot v3.5.7, Spring v6.2.12
2025-12-13T12:17:07.179+08:00  INFO 23847 --- [backend security] [    Test worker] c.p.s.r.controller.UserControllerTest    : No active profile set, falling back to 1 default profile: "default"
2025-12-13T12:17:07.622+08:00  WARN 23847 --- [backend security] [    Test worker] .s.s.UserDetailsServiceAutoConfiguration : 

Using generated security password: fa0e5111-8190-47cd-8f12-0328ec00b44b

This generated password is for development use only. Your security configuration must be updated before running your application in production.

2025-12-13T12:17:07.623+08:00  INFO 23847 --- [backend security] [    Test worker] r$InitializeUserDetailsManagerConfigurer : Global AuthenticationManager configured with UserDetailsService bean with name inMemoryUserDetailsManager
2025-12-13T12:17:07.642+08:00  INFO 23847 --- [backend security] [    Test worker] o.s.b.t.m.w.SpringBootMockServletContext : Initializing Spring TestDispatcherServlet ''
2025-12-13T12:17:07.642+08:00  INFO 23847 --- [backend security] [    Test worker] o.s.t.web.servlet.TestDispatcherServlet  : Initializing Servlet ''
2025-12-13T12:17:07.643+08:00  INFO 23847 --- [backend security] [    Test worker] o.s.t.web.servlet.TestDispatcherServlet  : Completed initialization in 1 ms
2025-12-13T12:17:07.658+08:00  INFO 23847 --- [backend security] [    Test worker] c.p.s.r.controller.UserControllerTest    : Started UserControllerTest in 0.528 seconds (process running for 18.945)
]]></system-out>
  <system-err><![CDATA[]]></system-err>
</testsuite>
