<?xml version="1.0" encoding="UTF-8"?>
<testsuite name="com.pacifique.security.review.services.JwtServiceTest" tests="7" skipped="0" failures="0" errors="0" timestamp="2025-12-13T04:17:17.497Z" hostname="Pacifiques-MacBook-Air.local" time="0.122">
  <properties/>
  <testcase name="isTokenValidTest()" classname="com.pacifique.security.review.services.JwtServiceTest" time="0.104"/>
  <testcase name="getUsernameTest()" classname="com.pacifique.security.review.services.JwtServiceTest" time="0.003"/>
  <testcase name="generateTokenTest()" classname="com.pacifique.security.review.services.JwtServiceTest" time="0.002"/>
  <testcase name="isTokenNotValidUsernameTest()" classname="com.pacifique.security.review.services.JwtServiceTest" time="0.004"/>
  <testcase name="generateRefreshTokenTest()" classname="com.pacifique.security.review.services.JwtServiceTest" time="0.002"/>
  <testcase name="isTokenNotExpiredTest()" classname="com.pacifique.security.review.services.JwtServiceTest" time="0.002"/>
  <testcase name="isTokenNotValidExpiredTest()" classname="com.pacifique.security.review.services.JwtServiceTest" time="0.003"/>
  <system-out><![CDATA[generatedToken = eyJhbGciOiJIUzM4NCJ9.eyJhdXRob3JpdGllcyI6W10sInN1YiI6ImpvaG4uZG9lIiwiaXNzIjoiSm9obiBEb2UiLCJpYXQiOjE3NjU1OTk0MzcsImV4cCI6MTc2NTU5OTQ2N30.dAov5kULwwSzdh-aw_ecpj6bS_qAvtpx0ExT6I_lNjlGPyGnvTAGEKpi8WNcOlpG
]]></system-out>
  <system-err><![CDATA[]]></system-err>
</testsuite>
