<?xml version="1.0" encoding="UTF-8"?>
<testsuite name="com.pacifique.security.review.SpringSecurityReviewApplicationTests" tests="1" skipped="0" failures="0" errors="0" timestamp="2025-12-13T04:17:02.550Z" hostname="Pacifiques-MacBook-Air.local" time="0.377">
  <properties/>
  <testcase name="contextLoads()" classname="com.pacifique.security.review.SpringSecurityReviewApplicationTests" time="0.377"/>
  <system-out><![CDATA[Standard Commons Logging discovery in action with spring-jcl: please remove commons-logging.jar from classpath in order to avoid potential conflicts
12:16:49.996 [Test worker] INFO org.springframework.test.context.support.AnnotationConfigContextLoaderUtils -- Could not detect default configuration classes for test class [com.pacifique.security.review.SpringSecurityReviewApplicationTests]: SpringSecurityReviewApplicationTests does not declare any static, non-private, non-final, nested classes annotated with @Configuration.
12:16:50.185 [Test worker] INFO org.springframework.boot.test.context.SpringBootTestContextBootstrapper -- Found @SpringBootConfiguration com.pacifique.security.review.SpringSecurityReviewApplication for test class com.pacifique.security.review.SpringSecurityReviewApplicationTests
12:16:50.399 [Test worker] INFO org.testcontainers.images.PullPolicy -- Image pull policy will be performed by: DefaultPullPolicy()
12:16:50.403 [Test worker] INFO org.testcontainers.utility.ImageNameSubstitutor -- Image name substitution will be performed by: DefaultImageNameSubstitutor (composite of 'ConfigurationFileImageNameSubstitutor' and 'PrefixingImageNameSubstitutor')
12:16:50.416 [Test worker] INFO org.testcontainers.DockerClientFactory -- Testcontainers version: 1.21.3
12:16:51.225 [Test worker] INFO org.testcontainers.dockerclient.DockerClientProviderStrategy -- Found Docker environment with Testcontainers Host with tc.host=tcp://127.0.0.1:64126
12:16:51.226 [Test worker] INFO org.testcontainers.DockerClientFactory -- Docker host IP address is 127.0.0.1
12:16:51.248 [Test worker] INFO org.testcontainers.DockerClientFactory -- Connected to docker: 
  Server Version: 23.0.6 (via Testcontainers Desktop 1.22.0)
  API Version: 1.42
  Operating System: Alpine Linux v3.18
  Total Memory: 2579 MB
12:16:51.262 [Test worker] INFO org.testcontainers.DockerClientFactory -- Checking the system...
12:16:51.263 [Test worker] INFO org.testcontainers.DockerClientFactory -- ✔︎ Docker server version should be at least 1.6.0
12:16:51.283 [Test worker] INFO tc.postgres:15 -- Creating container for image: postgres:15
12:16:51.569 [Test worker] INFO tc.testcontainers/ryuk:0.12.0 -- Creating container for image: testcontainers/ryuk:0.12.0
12:16:51.701 [Test worker] INFO tc.testcontainers/ryuk:0.12.0 -- Container testcontainers/ryuk:0.12.0 is starting: a3cda3b50a1beb374955b551d2bb8089c1833f7ffd118796f37c920562581803
12:16:52.503 [Test worker] INFO tc.testcontainers/ryuk:0.12.0 -- Container testcontainers/ryuk:0.12.0 started in PT0.93419S
12:16:52.549 [Test worker] INFO tc.postgres:15 -- Container postgres:15 is starting: bcffc16024f1bd4754effe0f82d7237688c7500b65c3946dbe60ca0a7442f356
12:16:55.024 [Test worker] INFO tc.postgres:15 -- Container postgres:15 started in PT3.740945S
12:16:55.026 [Test worker] INFO tc.postgres:15 -- Container is started (JDBC URL: jdbc:postgresql://127.0.0.1:32807/test?loggerLevel=OFF)

  .   ____          _            __ _ _
 /\\ / ___'_ __ _ _(_)_ __  __ _ \ \ \ \
( ( )\___ | '_ | '_| | '_ \/ _` | \ \ \ \
 \\/  ___)| |_)| | | | | || (_| |  ) ) ) )
  '  |____| .__|_| |_|_| |_\__, | / / / /
 =========|_|==============|___/=/_/_/_/

 :: Spring Boot ::                (v3.5.7)

2025-12-13T12:16:55.512+08:00  INFO 23847 --- [backend security] [    Test worker] s.r.SpringSecurityReviewApplicationTests : Starting SpringSecurityReviewApplicationTests using Java 17.0.15 with PID 23847 (started by paccy in /Users/paccy/code/java-projects/spring-security-review-one)
2025-12-13T12:16:55.514+08:00  INFO 23847 --- [backend security] [    Test worker] s.r.SpringSecurityReviewApplicationTests : No active profile set, falling back to 1 default profile: "default"
2025-12-13T12:16:57.400+08:00  INFO 23847 --- [backend security] [    Test worker] .s.d.r.c.RepositoryConfigurationDelegate : Bootstrapping Spring Data JPA repositories in DEFAULT mode.
2025-12-13T12:16:57.474+08:00  INFO 23847 --- [backend security] [    Test worker] .s.d.r.c.RepositoryConfigurationDelegate : Finished Spring Data repository scanning in 63 ms. Found 4 JPA repository interfaces.
2025-12-13T12:16:58.077+08:00  INFO 23847 --- [backend security] [    Test worker] o.hibernate.jpa.internal.util.LogHelper  : HHH000204: Processing PersistenceUnitInfo [name: default]
2025-12-13T12:16:58.128+08:00  INFO 23847 --- [backend security] [    Test worker] org.hibernate.Version                    : HHH000412: Hibernate ORM core version 6.6.33.Final
2025-12-13T12:16:58.172+08:00  INFO 23847 --- [backend security] [    Test worker] o.h.c.internal.RegionFactoryInitiator    : HHH000026: Second-level cache disabled
2025-12-13T12:16:58.469+08:00  INFO 23847 --- [backend security] [    Test worker] o.s.o.j.p.SpringPersistenceUnitInfo      : No LoadTimeWeaver setup: ignoring JPA class transformer
2025-12-13T12:16:58.500+08:00  INFO 23847 --- [backend security] [    Test worker] com.zaxxer.hikari.HikariDataSource       : HikariPool-1 - Starting...
2025-12-13T12:16:58.715+08:00  INFO 23847 --- [backend security] [    Test worker] com.zaxxer.hikari.pool.HikariPool        : HikariPool-1 - Added connection org.postgresql.jdbc.PgConnection@23fbc6b2
2025-12-13T12:16:58.716+08:00  INFO 23847 --- [backend security] [    Test worker] com.zaxxer.hikari.HikariDataSource       : HikariPool-1 - Start completed.
2025-12-13T12:16:58.753+08:00  WARN 23847 --- [backend security] [    Test worker] org.hibernate.orm.deprecation            : HHH90000025: PostgreSQLDialect does not need to be specified explicitly using 'hibernate.dialect' (remove the property setting and it will be selected by default)
2025-12-13T12:16:58.777+08:00  INFO 23847 --- [backend security] [    Test worker] org.hibernate.orm.connections.pooling    : HHH10001005: Database info:
	Database JDBC URL [Connecting through datasource 'HikariDataSource (HikariPool-1)']
	Database driver: undefined/unknown
	Database version: 15.15
	Autocommit mode: undefined/unknown
	Isolation level: undefined/unknown
	Minimum pool size: undefined/unknown
	Maximum pool size: undefined/unknown
2025-12-13T12:16:59.792+08:00  INFO 23847 --- [backend security] [    Test worker] o.h.e.t.j.p.i.JtaPlatformInitiator       : HHH000489: No JTA platform available (set 'hibernate.transaction.jta.platform' to enable JTA platform integration)
Hibernate: set client_min_messages = WARNING
Hibernate: alter table if exists product drop constraint if exists FK4uir3sxob7667q1xjqfrrurmh
Hibernate: alter table if exists rental drop constraint if exists FKs9g0xujsstw853392pqi2mjgk
Hibernate: alter table if exists rental drop constraint if exists FKrikexw6jmpwkfmjsj2na4do64
Hibernate: drop table if exists product cascade
Hibernate: drop table if exists rental cascade
Hibernate: drop table if exists token cascade
Hibernate: drop table if exists users cascade
Hibernate: create table product (created_at timestamp(6), id bigint generated by default as identity, owner_id bigint, updated_at timestamp(6), description varchar(255), name varchar(255) not null unique, primary key (id))
Hibernate: create table rental (created_at timestamp(6), end_date timestamp(6), id bigint generated by default as identity, product_id bigint unique, renter_id bigint unique, start_date timestamp(6), primary key (id))
Hibernate: create table token (id bigint generated by default as identity, user_id bigint not null, refresh_token varchar(1000), token varchar(1000), primary key (id))
Hibernate: create table users (created_at timestamp(6), id bigint generated by default as identity, updated_at timestamp(6), email varchar(255) not null unique, first_name varchar(255), last_name varchar(255), password varchar(255), role varchar(255), permissions varchar(255) array, primary key (id))
Hibernate: alter table if exists product add constraint FK4uir3sxob7667q1xjqfrrurmh foreign key (owner_id) references users
Hibernate: alter table if exists rental add constraint FKs9g0xujsstw853392pqi2mjgk foreign key (product_id) references product
Hibernate: alter table if exists rental add constraint FKrikexw6jmpwkfmjsj2na4do64 foreign key (renter_id) references users
2025-12-13T12:16:59.854+08:00  INFO 23847 --- [backend security] [    Test worker] j.LocalContainerEntityManagerFactoryBean : Initialized JPA EntityManagerFactory for persistence unit 'default'
2025-12-13T12:17:00.119+08:00  INFO 23847 --- [backend security] [    Test worker] o.s.d.j.r.query.QueryEnhancerFactory     : Hibernate is in classpath; If applicable, HQL parser will be used.
2025-12-13T12:17:01.200+08:00  WARN 23847 --- [backend security] [    Test worker] JpaBaseConfiguration$JpaWebConfiguration : spring.jpa.open-in-view is enabled by default. Therefore, database queries may be performed during view rendering. Explicitly configure spring.jpa.open-in-view to disable this warning
2025-12-13T12:17:01.253+08:00  INFO 23847 --- [backend security] [    Test worker] r$InitializeUserDetailsManagerConfigurer : Global AuthenticationManager configured with UserDetailsService bean with name userDetailsServiceImpl
2025-12-13T12:17:01.317+08:00  WARN 23847 --- [backend security] [    Test worker] thorizationManagerRequestMatcherRegistry : One of the patterns in [/api/v1/auth/**, /v2/api-docs, /v3/api-docs, /v3/api-docs/**, /swagger-resources, /swagger-resources/**, /configuration/ui, /configuration/security, /swagger-ui/**, /webjars/**, /swagger-ui.html, /api-docs, swagger-ui/index.html#, /*] is missing a leading slash. This is discouraged; please include the leading slash in all your request matcher patterns. In future versions of Spring Security, leaving out the leading slash will result in an exception.
2025-12-13T12:17:02.502+08:00  INFO 23847 --- [backend security] [    Test worker] s.r.SpringSecurityReviewApplicationTests : Started SpringSecurityReviewApplicationTests in 7.426 seconds (process running for 13.788)
]]></system-out>
  <system-err><![CDATA[]]></system-err>
</testsuite>
