<?xml version="1.0" encoding="UTF-8"?>
<testsuite name="com.pacifique.security.review.controller.AuthControllerTest" tests="2" skipped="0" failures="0" errors="0" timestamp="2025-12-13T04:17:04.107Z" hostname="Pacifiques-MacBook-Air.local" time="0.575">
  <properties/>
  <testcase name="Testing Login User Controller" classname="com.pacifique.security.review.controller.AuthControllerTest" time="0.554"/>
  <testcase name="Testing Getting logged in User info" classname="com.pacifique.security.review.controller.AuthControllerTest" time="0.019"/>
  <system-out><![CDATA[2025-12-13T12:17:02.935+08:00  INFO 23847 --- [backend security] [    Test worker] t.c.s.AnnotationConfigContextLoaderUtils : Could not detect default configuration classes for test class [com.pacifique.security.review.controller.AuthControllerTest]: AuthControllerTest does not declare any static, non-private, non-final, nested classes annotated with @Configuration.
2025-12-13T12:17:02.961+08:00  INFO 23847 --- [backend security] [    Test worker] .b.t.c.SpringBootTestContextBootstrapper : Found @SpringBootConfiguration com.pacifique.security.review.SpringSecurityReviewApplication for test class com.pacifique.security.review.controller.AuthControllerTest

  .   ____          _            __ _ _
 /\\ / ___'_ __ _ _(_)_ __  __ _ \ \ \ \
( ( )\___ | '_ | '_| | '_ \/ _` | \ \ \ \
 \\/  ___)| |_)| | | | | || (_| |  ) ) ) )
  '  |____| .__|_| |_|_| |_\__, | / / / /
 =========|_|==============|___/=/_/_/_/

 :: Spring Boot ::                (v3.5.7)

2025-12-13T12:17:02.987+08:00  INFO 23847 --- [backend security] [    Test worker] c.p.s.r.controller.AuthControllerTest    : Starting AuthControllerTest using Java 17.0.15 with PID 23847 (started by paccy in /Users/paccy/code/java-projects/spring-security-review-one)
2025-12-13T12:17:02.987+08:00 DEBUG 23847 --- [backend security] [    Test worker] c.p.s.r.controller.AuthControllerTest    : Running with Spring Boot v3.5.7, Spring v6.2.12
2025-12-13T12:17:02.987+08:00  INFO 23847 --- [backend security] [    Test worker] c.p.s.r.controller.AuthControllerTest    : No active profile set, falling back to 1 default profile: "default"
2025-12-13T12:17:03.796+08:00  WARN 23847 --- [backend security] [    Test worker] .s.s.UserDetailsServiceAutoConfiguration : 

Using generated security password: c85d9a4c-3373-4b6d-b192-dedfb017bead

This generated password is for development use only. Your security configuration must be updated before running your application in production.

2025-12-13T12:17:03.800+08:00  INFO 23847 --- [backend security] [    Test worker] r$InitializeUserDetailsManagerConfigurer : Global AuthenticationManager configured with UserDetailsService bean with name inMemoryUserDetailsManager
2025-12-13T12:17:03.932+08:00  INFO 23847 --- [backend security] [    Test worker] o.s.b.t.m.w.SpringBootMockServletContext : Initializing Spring TestDispatcherServlet ''
2025-12-13T12:17:03.932+08:00  INFO 23847 --- [backend security] [    Test worker] o.s.t.web.servlet.TestDispatcherServlet  : Initializing Servlet ''
2025-12-13T12:17:03.933+08:00  INFO 23847 --- [backend security] [    Test worker] o.s.t.web.servlet.TestDispatcherServlet  : Completed initialization in 1 ms
2025-12-13T12:17:04.101+08:00  INFO 23847 --- [backend security] [    Test worker] c.p.s.r.controller.AuthControllerTest    : Started AuthControllerTest in 1.137 seconds (process running for 15.388)
]]></system-out>
  <system-err><![CDATA[]]></system-err>
</testsuite>
