<?xml version="1.0" encoding="UTF-8"?>
<testsuite name="Main Test Class" tests="7" skipped="7" failures="0" errors="0" timestamp="2025-12-13T04:16:49.816Z" hostname="Pacifiques-MacBook-Air.local" time="0.002">
  <properties/>
  <testcase name="testAUserWithCustomUser()" classname="com.pacifique.security.review.MainTests" time="0.0">
    <skipped/>
  </testcase>
  <testcase name="testAUserWithNameNoMockUser()" classname="com.pacifique.security.review.MainTests" time="0.0">
    <skipped/>
  </testcase>
  <testcase name="testAUserWithCustomUserMerry()" classname="com.pacifique.security.review.MainTests" time="0.0">
    <skipped/>
  </testcase>
  <testcase name="Test A user with a name" classname="com.pacifique.security.review.MainTests" time="0.0">
    <skipped/>
  </testcase>
  <testcase name="Hello Authenticated Test" classname="com.pacifique.security.review.MainTests" time="0.0">
    <skipped/>
  </testcase>
  <testcase name="Unauthenticated Test" classname="com.pacifique.security.review.MainTests" time="0.0">
    <skipped/>
  </testcase>
  <testcase name="testAUserWithWithUserDetails()" classname="com.pacifique.security.review.MainTests" time="0.0">
    <skipped/>
  </testcase>
  <system-out><![CDATA[]]></system-out>
  <system-err><![CDATA[]]></system-err>
</testsuite>
