<?xml version="1.0" encoding="UTF-8"?>
<testsuite name="com.pacifique.security.review.MainTestsReactiveTest" tests="2" skipped="2" failures="0" errors="0" timestamp="2025-12-13T04:16:49.819Z" hostname="Pacifiques-MacBook-Air.local" time="0.0">
  <properties/>
  <testcase name="testCallHelloWithValidUser()" classname="com.pacifique.security.review.MainTestsReactiveTest" time="0.0">
    <skipped/>
  </testcase>
  <testcase name="testCallHelloWithValidUserWithMockUser()" classname="com.pacifique.security.review.MainTestsReactiveTest" time="0.0">
    <skipped/>
  </testcase>
  <system-out><![CDATA[]]></system-out>
  <system-err><![CDATA[]]></system-err>
</testsuite>
